2025-05-14 20:49:21,723 INFO o.h.v.i.u.Version [background-preinit] HV000001: Hibernate Validator 8.0.2.Final
2025-05-14 20:49:21,824 INFO c.m.p.PropertyManagementApplication [main] Starting PropertyManagementApplication using Java 23.0.2 with PID 23996 (C:\Users\rajes\Desktop\SpringBootPractice\property-management\target\classes started by rajes in C:\Users\rajes\Desktop\SpringBootPractice\property-management)
2025-05-14 20:49:21,826 INFO c.m.p.PropertyManagementApplication [main] The following 1 profile is active: "dev"
2025-05-14 20:49:22,774 INFO o.s.d.r.c.RepositoryConfigurationDelegate [main] Bootstrapping Spring Data JPA repositories in DEFAULT mode.
2025-05-14 20:49:22,849 INFO o.s.d.r.c.RepositoryConfigurationDelegate [main] Finished Spring Data repository scanning in 68 ms. Found 2 JPA repository interfaces.
2025-05-14 20:49:23,598 INFO o.s.b.w.e.t.TomcatWebServer [main] Tomcat initialized with port 8080 (http)
2025-05-14 20:49:23,612 INFO o.a.c.h.Http11NioProtocol [main] Initializing ProtocolHandler ["http-nio-8080"]
2025-05-14 20:49:23,616 INFO o.a.c.c.StandardService [main] Starting service [Tomcat]
2025-05-14 20:49:23,616 INFO o.a.c.c.StandardEngine [main] Starting Servlet engine: [Apache Tomcat/10.1.40]
2025-05-14 20:49:23,686 INFO o.a.c.c.C.[.[.[/] [main] Initializing Spring embedded WebApplicationContext
2025-05-14 20:49:23,686 INFO o.s.b.w.s.c.ServletWebServerApplicationContext [main] Root WebApplicationContext: initialization completed in 1771 ms
2025-05-14 20:49:24,005 INFO o.h.j.i.u.LogHelper [main] HHH000204: Processing PersistenceUnitInfo [name: default]
2025-05-14 20:49:24,112 INFO o.h.Version [main] HHH000412: Hibernate ORM core version 6.6.13.Final
2025-05-14 20:49:24,173 INFO o.h.c.i.RegionFactoryInitiator [main] HHH000026: Second-level cache disabled
2025-05-14 20:49:24,676 INFO o.s.o.j.p.SpringPersistenceUnitInfo [main] No LoadTimeWeaver setup: ignoring JPA class transformer
2025-05-14 20:49:24,731 INFO c.z.h.HikariDataSource [main] HikariPool-1 - Starting...
2025-05-14 20:49:24,929 INFO c.z.h.p.HikariPool [main] HikariPool-1 - Added connection com.mysql.cj.jdbc.ConnectionImpl@e881e46
2025-05-14 20:49:24,933 INFO c.z.h.HikariDataSource [main] HikariPool-1 - Start completed.
2025-05-14 20:49:24,972 WARN o.h.d.Dialect [main] HHH000511: The 5.5.5 version for [org.hibernate.dialect.MySQLDialect] is no longer supported, hence certain features may not work properly. The minimum supported version is 8.0.0. Check the community dialects project for available legacy versions.
2025-05-14 20:49:24,976 WARN o.h.o.deprecation [main] HHH90000025: MySQLDialect does not need to be specified explicitly using 'hibernate.dialect' (remove the property setting and it will be selected by default)
2025-05-14 20:49:25,001 INFO o.h.o.c.pooling [main] HHH10001005: Database info:
	Database JDBC URL [Connecting through datasource 'HikariDataSource (HikariPool-1)']
	Database driver: undefined/unknown
	Database version: 5.5.5
	Autocommit mode: undefined/unknown
	Isolation level: undefined/unknown
	Minimum pool size: undefined/unknown
	Maximum pool size: undefined/unknown
2025-05-14 20:49:25,824 INFO o.h.e.t.j.p.i.JtaPlatformInitiator [main] HHH000489: No JTA platform available (set 'hibernate.transaction.jta.platform' to enable JTA platform integration)
2025-05-14 20:49:25,909 INFO o.s.o.j.LocalContainerEntityManagerFactoryBean [main] Initialized JPA EntityManagerFactory for persistence unit 'default'
2025-05-14 20:49:26,396 WARN o.s.b.a.o.j.JpaBaseConfiguration$JpaWebConfiguration [main] spring.jpa.open-in-view is enabled by default. Therefore, database queries may be performed during view rendering. Explicitly configure spring.jpa.open-in-view to disable this warning
2025-05-14 20:49:27,042 INFO o.a.c.h.Http11NioProtocol [main] Starting ProtocolHandler ["http-nio-8080"]
2025-05-14 20:49:27,062 INFO o.s.b.w.e.t.TomcatWebServer [main] Tomcat started on port 8080 (http) with context path '/'
2025-05-14 20:49:27,072 INFO c.m.p.PropertyManagementApplication [main] Started PropertyManagementApplication in 5.953 seconds (process running for 6.614)
2025-05-14 21:04:09,204 INFO o.a.c.c.C.[.[.[/] [http-nio-8080-exec-2] Initializing Spring DispatcherServlet 'dispatcherServlet'
2025-05-14 21:04:09,204 INFO o.s.w.s.DispatcherServlet [http-nio-8080-exec-2] Initializing Servlet 'dispatcherServlet'
2025-05-14 21:04:09,205 INFO o.s.w.s.DispatcherServlet [http-nio-8080-exec-2] Completed initialization in 1 ms
2025-05-14 21:04:09,389 INFO c.m.p.e.CustomExceptionHandler [http-nio-8080-exec-2] Inside field validation: password - Password cannot be null
2025-05-14 21:04:09,390 INFO c.m.p.e.CustomExceptionHandler [http-nio-8080-exec-2] Inside field validation: password - Password cannot be empty
2025-05-14 21:08:49,138 INFO c.m.p.e.CustomExceptionHandler [http-nio-8080-exec-5] BusinessException is thrown - level- info: EMAIL_ALREADY_EXISTS - The Email With Which You Are Trying To Register Already Exist
2025-05-14 21:08:49,138 ERROR c.m.p.e.CustomExceptionHandler [http-nio-8080-exec-5] BusinessException is thrown - level-error: EMAIL_ALREADY_EXISTS - The Email With Which You Are Trying To Register Already Exist
2025-05-14 21:12:10,507 INFO o.s.b.w.e.t.GracefulShutdown [SpringApplicationShutdownHook] Commencing graceful shutdown. Waiting for active requests to complete
2025-05-14 21:12:10,512 INFO o.s.b.w.e.t.GracefulShutdown [tomcat-shutdown] Graceful shutdown complete
2025-05-14 21:12:10,515 INFO o.s.o.j.LocalContainerEntityManagerFactoryBean [SpringApplicationShutdownHook] Closing JPA EntityManagerFactory for persistence unit 'default'
2025-05-14 21:12:10,517 INFO c.z.h.HikariDataSource [SpringApplicationShutdownHook] HikariPool-1 - Shutdown initiated...
2025-05-14 21:12:10,526 INFO c.z.h.HikariDataSource [SpringApplicationShutdownHook] HikariPool-1 - Shutdown completed.
